<?xml version="1.0" encoding="UTF-8"?>
<!-- Generated by org.testng.reporters.JUnitReportReporter -->
<testsuite hostname="acer-pc" failures="0" tests="3" name="testcases.LoginTestSeeker" time="3.824" errors="0" timestamp="19 Sep 2021 07:19:56 GMT">
  <testcase classname="testcases.LoginTestSeeker" name="test" time="0.630"/>
  <testcase classname="testcases.LoginTestSeeker" name="test" time="1.562"/>
  <testcase classname="testcases.LoginTestSeeker" name="test" time="1.632"/>
</testsuite> <!-- testcases.LoginTestSeeker -->
