<?xml version="1.0" encoding="UTF-8"?>
<!-- Generated by org.testng.reporters.JUnitReportReporter -->
<testsuite skipped="0" hostname="acer-pc" name="testcases.LoginTestProvider" tests="3" failures="0" timestamp="08 Oct 2021 09:47:46 GMT" time="4.786" errors="0">
  <testcase name="test" time="0.591" classname="testcases.LoginTestProvider"/>
  <testcase name="test" time="0.617" classname="testcases.LoginTestProvider"/>
  <testcase name="test" time="3.578" classname="testcases.LoginTestProvider"/>
</testsuite> <!-- testcases.LoginTestProvider -->
